<?xml version="1.0" encoding="UTF-8"?>
<!-- Generated by org.testng.reporters.JUnitReportReporter -->
<testsuite hostname="Sanjana" failures="0" tests="1" name="TestScenario.VerifyUrl" time="5.056" errors="0" timestamp="2024-09-19T14:27:36 IST" skipped="0">
  <testcase classname="TestScenario.VerifyUrl" name="openurl" time="5.056"/>
</testsuite> <!-- TestScenario.VerifyUrl -->
