<?xml version="1.0" encoding="UTF-8"?>
<!-- Generated by org.testng.reporters.JUnitReportReporter -->
<testsuite hostname="Sanjana" failures="0" tests="5" name="runner.SignupRunner" time="20.635" errors="0" timestamp="2024-09-20T14:16:56 IST" skipped="0">
  <testcase classname="runner.SignupRunner" name="runScenario" time="5.274"/>
  <testcase classname="runner.SignupRunner" name="runScenario" time="5.654"/>
  <testcase classname="runner.SignupRunner" name="runScenario" time="5.114"/>
  <testcase classname="runner.SignupRunner" name="runScenario" time="0.015"/>
  <testcase classname="runner.SignupRunner" name="runScenario" time="4.578"/>
  <system-out>
    <![CDATA[Opening demoblaze through google browser
Opening demoblaze through google browser
Selecting samsung galaxy s6
Adding samsung galaxy to cart
Alert message: Product added
Confirmation displayed and cliced on ok
Viewing the added item in the cart
Opening demoblaze through google browser
Alert message: Product added
Item added to cart
Viewing the added item in the cart
Placing order for the item added in the cart
Filling up the details for order confirmation
Item purchased]]>
  </system-out>
</testsuite> <!-- runner.SignupRunner -->
